<?xml version="1.0" encoding="UTF-8"?>
<!-- Generated by org.testng.reporters.JUnitReportReporter -->
<testsuite hostname="DESKTOP-0BH1UMI" failures="0" tests="5" name="org.selenium.tests.LoginPageMultipleCredentialsTest" time="63.810" errors="0" timestamp="2024-04-04T12:37:37 IST" skipped="0">
  <testcase classname="org.selenium.tests.LoginPageMultipleCredentialsTest" name="loginWithMultipleCredentials" time="10.175"/>
  <system-out/>
  <testcase classname="org.selenium.tests.LoginPageMultipleCredentialsTest" name="loginWithMultipleCredentials" time="11.124"/>
  <system-out/>
  <testcase classname="org.selenium.tests.LoginPageMultipleCredentialsTest" name="loginWithMultipleCredentials" time="15.932"/>
  <system-out/>
  <testcase classname="org.selenium.tests.LoginPageMultipleCredentialsTest" name="loginWithMultipleCredentials" time="13.428"/>
  <system-out/>
  <testcase classname="org.selenium.tests.LoginPageMultipleCredentialsTest" name="loginWithMultipleCredentials" time="13.151"/>
  <system-out/>
</testsuite> <!-- org.selenium.tests.LoginPageMultipleCredentialsTest -->
