<?xml version="1.0" encoding="UTF-8"?>
<!-- Generated by org.testng.reporters.JUnitReportReporter -->
<testsuite hostname="DESKTOP-0BH1UMI" failures="0" tests="1" name="org.selenium.tests.ProductPageAddToCartTest" time="12.741" errors="0" timestamp="2024-04-04T12:37:37 IST" skipped="0">
  <testcase classname="org.selenium.tests.ProductPageAddToCartTest" name="AddToCartValidation" time="12.741"/>
  <system-out/>
</testsuite> <!-- org.selenium.tests.ProductPageAddToCartTest -->
