<?xml version="1.0" encoding="UTF-8"?>
<!-- Generated by org.testng.reporters.JUnitReportReporter -->
<testsuite hostname="DESKTOP-0BH1UMI" failures="0" tests="1" name="org.selenium.tests.LoginPageValidCredentialsTest" time="9.511" errors="0" timestamp="2024-04-04T12:37:37 IST" skipped="0">
  <testcase classname="org.selenium.tests.LoginPageValidCredentialsTest" name="loginWithValidCredentials" time="9.511"/>
  <system-out/>
</testsuite> <!-- org.selenium.tests.LoginPageValidCredentialsTest -->
