<?xml version="1.0" encoding="UTF-8"?>
<!-- Generated by org.testng.reporters.JUnitReportReporter -->
<testsuite hostname="DESKTOP-0BH1UMI" failures="0" tests="1" name="org.selenium.tests.LoginPageLogoutTest" time="26.316" errors="0" timestamp="2024-04-19T23:57:37 IST" skipped="0">
  <testcase classname="org.selenium.tests.LoginPageLogoutTest" name="loginAndLogout" time="26.316"/>
  <system-out/>
</testsuite> <!-- org.selenium.tests.LoginPageLogoutTest -->
