<?xml version="1.0" encoding="UTF-8"?>
<!-- Generated by org.testng.reporters.JUnitReportReporter -->
<testsuite hostname="DESKTOP-0BH1UMI" failures="0" tests="5" name="org.selenium.tests.LoginPageInvalidCredentialsTest" time="41.647" errors="0" timestamp="2024-04-04T12:37:37 IST" skipped="0">
  <testcase classname="org.selenium.tests.LoginPageInvalidCredentialsTest" name="loginWithInvalidCredentialsValidation" time="7.224"/>
  <system-out/>
  <testcase classname="org.selenium.tests.LoginPageInvalidCredentialsTest" name="loginWithInvalidCredentialsValidation" time="8.139"/>
  <system-out/>
  <testcase classname="org.selenium.tests.LoginPageInvalidCredentialsTest" name="loginWithInvalidCredentialsValidation" time="7.673"/>
  <system-out/>
  <testcase classname="org.selenium.tests.LoginPageInvalidCredentialsTest" name="loginWithInvalidCredentialsValidation" time="7.513"/>
  <system-out/>
  <testcase classname="org.selenium.tests.LoginPageInvalidCredentialsTest" name="loginWithInvalidCredentialsValidation" time="11.098"/>
  <system-out/>
</testsuite> <!-- org.selenium.tests.LoginPageInvalidCredentialsTest -->
