<?xml version="1.0" encoding="UTF-8"?>
<!-- Generated by org.testng.reporters.JUnitReportReporter -->
<testsuite hostname="DESKTOP-0BH1UMI" failures="0" tests="1" name="org.selenium.tests.ProductPageTest" time="27.389" errors="0" timestamp="2024-04-02T23:21:15 IST" skipped="0">
  <testcase classname="org.selenium.tests.ProductPageTest" name="dropdown" time="27.389"/>
  <system-out/>
</testsuite> <!-- org.selenium.tests.ProductPageTest -->
