<?xml version="1.0" encoding="UTF-8"?>
<!-- Generated by org.testng.reporters.JUnitReportReporter -->
<testsuite hostname="DESKTOP-0BH1UMI" failures="0" tests="1" name="org.selenium.tests.ProductPagePriceValidationTest" time="15.357" errors="0" timestamp="2024-04-04T12:37:37 IST" skipped="0">
  <testcase classname="org.selenium.tests.ProductPagePriceValidationTest" name="PriceDropdownValidation" time="15.357"/>
  <system-out/>
</testsuite> <!-- org.selenium.tests.ProductPagePriceValidationTest -->
