<?xml version="1.0" encoding="UTF-8"?>
<!-- Generated by org.testng.reporters.JUnitReportReporter -->
<testsuite hostname="DESKTOP-0BH1UMI" failures="0" tests="1" name="org.selenium.utils.ExcelReader" time="0.000" errors="0" timestamp="2024-03-27T18:39:20 IST" skipped="1">
  <testcase classname="org.selenium.utils.ExcelReader" name="loginTest" time="0.000">
    <skipped/>
  </testcase> <!-- loginTest -->
  <system-out/>
</testsuite> <!-- org.selenium.utils.ExcelReader -->
