<?xml version="1.0" encoding="UTF-8"?>
<!-- Generated by org.testng.reporters.JUnitReportReporter -->
<testsuite hostname="DESKTOP-0BH1UMI" failures="0" tests="7" name="org.selenium.tests.CheckoutPageValidationTest" time="122.997" errors="0" timestamp="2024-04-19T23:35:24 IST" skipped="0">
  <testcase classname="org.selenium.tests.CheckoutPageValidationTest" name="CheckOutValidation" time="13.162"/>
  <system-out/>
  <testcase classname="org.selenium.tests.CheckoutPageValidationTest" name="CheckOutValidation" time="12.775"/>
  <system-out/>
  <testcase classname="org.selenium.tests.CheckoutPageValidationTest" name="CheckOutValidation" time="19.094"/>
  <system-out/>
  <testcase classname="org.selenium.tests.CheckoutPageValidationTest" name="CheckOutValidation" time="17.182"/>
  <system-out/>
  <testcase classname="org.selenium.tests.CheckoutPageValidationTest" name="CheckOutValidation" time="32.120"/>
  <system-out/>
  <testcase classname="org.selenium.tests.CheckoutPageValidationTest" name="CheckOutValidation" time="13.177"/>
  <system-out/>
  <testcase classname="org.selenium.tests.CheckoutPageValidationTest" name="CheckOutValidation" time="15.487"/>
  <system-out/>
</testsuite> <!-- org.selenium.tests.CheckoutPageValidationTest -->
