<?xml version="1.0" encoding="UTF-8"?>
<!-- Generated by org.testng.reporters.JUnitReportReporter -->
<testsuite hostname="DESKTOP-0BH1UMI" failures="0" tests="1" name="org.selenium.tests.SearchTest" time="22.705" errors="0" timestamp="2024-03-23T15:29:46 IST" skipped="0">
  <testcase classname="org.selenium.tests.SearchTest" name="searchWithPartialMatch" time="22.705"/>
  <system-out/>
</testsuite> <!-- org.selenium.tests.SearchTest -->
