<?xml version="1.0" encoding="UTF-8"?>
<!-- Generated by org.testng.reporters.JUnitReportReporter -->
<testsuite hostname="DESKTOP-0BH1UMI" failures="0" tests="1" name="org.selenium.tests.OrangHRMLoginPageTest" time="35.490" errors="0" timestamp="2024-03-22T19:15:38 IST" skipped="0">
  <testcase classname="org.selenium.tests.OrangHRMLoginPageTest" name="validloginTest" time="35.490"/>
  <system-out/>
</testsuite> <!-- org.selenium.tests.OrangHRMLoginPageTest -->
