<?xml version="1.0" encoding="UTF-8"?>
<!-- Generated by org.testng.reporters.JUnitReportReporter -->
<testsuite hostname="DESKTOP-0BH1UMI" failures="0" tests="7" name="org.selenium.tests.CheckoutPageValidationTest" time="123.013" errors="0" timestamp="2024-04-04T12:37:37 IST" skipped="0">
  <testcase classname="org.selenium.tests.CheckoutPageValidationTest" name="CheckOutValidation" time="14.446"/>
  <system-out/>
  <testcase classname="org.selenium.tests.CheckoutPageValidationTest" name="CheckOutValidation" time="19.112"/>
  <system-out/>
  <testcase classname="org.selenium.tests.CheckoutPageValidationTest" name="CheckOutValidation" time="16.720"/>
  <system-out/>
  <testcase classname="org.selenium.tests.CheckoutPageValidationTest" name="CheckOutValidation" time="14.389"/>
  <system-out/>
  <testcase classname="org.selenium.tests.CheckoutPageValidationTest" name="CheckOutValidation" time="24.641"/>
  <system-out/>
  <testcase classname="org.selenium.tests.CheckoutPageValidationTest" name="CheckOutValidation" time="17.755"/>
  <system-out/>
  <testcase classname="org.selenium.tests.CheckoutPageValidationTest" name="CheckOutValidation" time="15.950"/>
  <system-out/>
</testsuite> <!-- org.selenium.tests.CheckoutPageValidationTest -->
